{"C:\\Users\\Actcel\\Documents\\Cursos\\React-fernando-herrera\\02-first-steps\\src\\FirstStepsApp.tsx": {"path":"C:\\Users\\Actcel\\Documents\\Cursos\\React-fernando-herrera\\02-first-steps\\src\\FirstStepsApp.tsx","statementMap":{"0":{"start":{"line":8,"column":33},"end":{"line":12,"column":null}},"1":{"start":{"line":15,"column":4},"end":{"line":20,"column":47}},"2":{"start":{"line":19,"column":54},"end":{"line":20,"column":47}}},"fnMap":{"0":{"name":"FirstStepsApp","decl":{"start":{"line":14,"column":16},"end":{"line":14,"column":null}},"loc":{"start":{"line":14,"column":16},"end":{"line":28,"column":null}},"line":14},"1":{"name":"(anonymous_1)","decl":{"start":{"line":19,"column":28},"end":{"line":19,"column":29}},"loc":{"start":{"line":19,"column":54},"end":{"line":20,"column":47}},"line":19}},"branchMap":{},"s":{"0":1,"1":3,"2":9},"f":{"0":3,"1":9},"b":{},"meta":{"lastBranch":0,"lastFunction":2,"lastStatement":3,"seen":{"s:8:33:12:Infinity":0,"f:14:16:14:Infinity":0,"s:15:4:20:47":1,"f:19:28:19:29":1,"s:19:54:20:47":2}}}
,"C:\\Users\\Actcel\\Documents\\Cursos\\React-fernando-herrera\\02-first-steps\\src\\MyAwesomeApp.tsx": {"path":"C:\\Users\\Actcel\\Documents\\Cursos\\React-fernando-herrera\\02-first-steps\\src\\MyAwesomeApp.tsx","statementMap":{"0":{"start":{"line":3,"column":18},"end":{"line":3,"column":null}},"1":{"start":{"line":4,"column":17},"end":{"line":4,"column":null}},"2":{"start":{"line":6,"column":22},"end":{"line":6,"column":null}},"3":{"start":{"line":7,"column":17},"end":{"line":7,"column":null}},"4":{"start":{"line":9,"column":16},"end":{"line":12,"column":null}},"5":{"start":{"line":14,"column":32},"end":{"line":19,"column":null}},"6":{"start":{"line":22,"column":4},"end":{"line":36,"column":null}}},"fnMap":{"0":{"name":"MyAwesomeApp","decl":{"start":{"line":21,"column":16},"end":{"line":21,"column":null}},"loc":{"start":{"line":21,"column":16},"end":{"line":39,"column":null}},"line":21}},"branchMap":{"0":{"loc":{"start":{"line":16,"column":18},"end":{"line":16,"column":null}},"type":"cond-expr","locations":[{"start":{"line":16,"column":29},"end":{"line":16,"column":34}},{"start":{"line":16,"column":34},"end":{"line":16,"column":null}}],"line":16},"1":{"loc":{"start":{"line":32,"column":17},"end":{"line":32,"column":56}},"type":"cond-expr","locations":[{"start":{"line":32,"column":28},"end":{"line":32,"column":39}},{"start":{"line":32,"column":39},"end":{"line":32,"column":56}}],"line":32}},"s":{"0":1,"1":1,"2":1,"3":1,"4":1,"5":1,"6":3},"f":{"0":3},"b":{"0":[1,0],"1":[3,0]},"meta":{"lastBranch":2,"lastFunction":1,"lastStatement":7,"seen":{"s:3:18:3:Infinity":0,"s:4:17:4:Infinity":1,"s:6:22:6:Infinity":2,"s:7:17:7:Infinity":3,"s:9:16:12:Infinity":4,"s:14:32:19:Infinity":5,"b:16:29:16:34:16:34:16:Infinity":0,"f:21:16:21:Infinity":0,"s:22:4:36:Infinity":6,"b:32:28:32:39:32:39:32:56":1}}}
,"C:\\Users\\Actcel\\Documents\\Cursos\\React-fernando-herrera\\02-first-steps\\src\\herpers\\math.helper.ts": {"path":"C:\\Users\\Actcel\\Documents\\Cursos\\React-fernando-herrera\\02-first-steps\\src\\herpers\\math.helper.ts","statementMap":{"0":{"start":{"line":3,"column":19},"end":{"line":5,"column":null}},"1":{"start":{"line":4,"column":4},"end":{"line":4,"column":null}},"2":{"start":{"line":7,"column":24},"end":{"line":9,"column":null}},"3":{"start":{"line":8,"column":4},"end":{"line":8,"column":null}},"4":{"start":{"line":11,"column":24},"end":{"line":13,"column":null}},"5":{"start":{"line":12,"column":4},"end":{"line":12,"column":null}},"6":{"start":{"line":15,"column":22},"end":{"line":17,"column":null}},"7":{"start":{"line":16,"column":4},"end":{"line":16,"column":null}}},"fnMap":{"0":{"name":"(anonymous_0)","decl":{"start":{"line":3,"column":19},"end":{"line":3,"column":20}},"loc":{"start":{"line":3,"column":30},"end":{"line":5,"column":null}},"line":3},"1":{"name":"(anonymous_1)","decl":{"start":{"line":7,"column":24},"end":{"line":7,"column":25}},"loc":{"start":{"line":7,"column":35},"end":{"line":9,"column":null}},"line":7},"2":{"name":"(anonymous_2)","decl":{"start":{"line":11,"column":24},"end":{"line":11,"column":25}},"loc":{"start":{"line":11,"column":35},"end":{"line":13,"column":null}},"line":11},"3":{"name":"(anonymous_3)","decl":{"start":{"line":15,"column":22},"end":{"line":15,"column":23}},"loc":{"start":{"line":15,"column":33},"end":{"line":17,"column":null}},"line":15}},"branchMap":{},"s":{"0":1,"1":1,"2":1,"3":1,"4":1,"5":1,"6":1,"7":1},"f":{"0":1,"1":1,"2":1,"3":1},"b":{},"meta":{"lastBranch":0,"lastFunction":4,"lastStatement":8,"seen":{"s:3:19:5:Infinity":0,"f:3:19:3:20":0,"s:4:4:4:Infinity":1,"s:7:24:9:Infinity":2,"f:7:24:7:25":1,"s:8:4:8:Infinity":3,"s:11:24:13:Infinity":4,"f:11:24:11:25":2,"s:12:4:12:Infinity":5,"s:15:22:17:Infinity":6,"f:15:22:15:23":3,"s:16:4:16:Infinity":7}}}
,"C:\\Users\\Actcel\\Documents\\Cursos\\React-fernando-herrera\\02-first-steps\\src\\shopping-cart\\ItemCounter.css": {"path":"C:\\Users\\Actcel\\Documents\\Cursos\\React-fernando-herrera\\02-first-steps\\src\\shopping-cart\\ItemCounter.css","statementMap":{},"fnMap":{},"branchMap":{},"s":{},"f":{},"b":{},"meta":{"lastBranch":0,"lastFunction":0,"lastStatement":0,"seen":{}}}
,"C:\\Users\\Actcel\\Documents\\Cursos\\React-fernando-herrera\\02-first-steps\\src\\shopping-cart\\ItemCounter.tsx": {"path":"C:\\Users\\Actcel\\Documents\\Cursos\\React-fernando-herrera\\02-first-steps\\src\\shopping-cart\\ItemCounter.tsx","statementMap":{"0":{"start":{"line":10,"column":27},"end":{"line":48,"column":null}},"1":{"start":{"line":12,"column":25},"end":{"line":12,"column":null}},"2":{"start":{"line":14,"column":20},"end":{"line":16,"column":null}},"3":{"start":{"line":15,"column":4},"end":{"line":15,"column":null}},"4":{"start":{"line":18,"column":25},"end":{"line":21,"column":null}},"5":{"start":{"line":19,"column":4},"end":{"line":19,"column":null}},"6":{"start":{"line":19,"column":20},"end":{"line":19,"column":null}},"7":{"start":{"line":20,"column":4},"end":{"line":20,"column":null}},"8":{"start":{"line":23,"column":22},"end":{"line":25,"column":null}},"9":{"start":{"line":24,"column":4},"end":{"line":24,"column":null}},"10":{"start":{"line":27,"column":2},"end":{"line":45,"column":null}},"11":{"start":{"line":38,"column":12},"end":{"line":38,"column":null}}},"fnMap":{"0":{"name":"(anonymous_0)","decl":{"start":{"line":10,"column":27},"end":{"line":10,"column":28}},"loc":{"start":{"line":10,"column":57},"end":{"line":48,"column":null}},"line":10},"1":{"name":"(anonymous_1)","decl":{"start":{"line":14,"column":20},"end":{"line":14,"column":null}},"loc":{"start":{"line":14,"column":20},"end":{"line":16,"column":null}},"line":14},"2":{"name":"(anonymous_2)","decl":{"start":{"line":18,"column":25},"end":{"line":18,"column":null}},"loc":{"start":{"line":18,"column":25},"end":{"line":21,"column":null}},"line":18},"3":{"name":"(anonymous_3)","decl":{"start":{"line":23,"column":22},"end":{"line":23,"column":null}},"loc":{"start":{"line":23,"column":22},"end":{"line":25,"column":null}},"line":23},"4":{"name":"(anonymous_4)","decl":{"start":{"line":37,"column":25},"end":{"line":37,"column":null}},"loc":{"start":{"line":37,"column":25},"end":{"line":39,"column":null}},"line":37}},"branchMap":{"0":{"loc":{"start":{"line":10,"column":36},"end":{"line":10,"column":48}},"type":"default-arg","locations":[{"start":{"line":10,"column":47},"end":{"line":10,"column":48}}],"line":10},"1":{"loc":{"start":{"line":19,"column":4},"end":{"line":19,"column":null}},"type":"if","locations":[{"start":{"line":19,"column":4},"end":{"line":19,"column":null}},{"start":{},"end":{}}],"line":19},"2":{"loc":{"start":{"line":32,"column":19},"end":{"line":32,"column":null}},"type":"cond-expr","locations":[{"start":{"line":32,"column":33},"end":{"line":32,"column":41}},{"start":{"line":32,"column":41},"end":{"line":32,"column":null}}],"line":32}},"s":{"0":1,"1":8,"2":8,"3":1,"4":8,"5":2,"6":1,"7":1,"8":8,"9":0,"10":8,"11":0},"f":{"0":8,"1":1,"2":2,"3":0,"4":0},"b":{"0":[8],"1":[1,1],"2":[4,4]},"meta":{"lastBranch":3,"lastFunction":5,"lastStatement":12,"seen":{"s:10:27:48:Infinity":0,"f:10:27:10:28":0,"b:10:47:10:48":0,"s:12:25:12:Infinity":1,"s:14:20:16:Infinity":2,"f:14:20:14:Infinity":1,"s:15:4:15:Infinity":3,"s:18:25:21:Infinity":4,"f:18:25:18:Infinity":2,"b:19:4:19:Infinity:undefined:undefined:undefined:undefined":1,"s:19:4:19:Infinity":5,"s:19:20:19:Infinity":6,"s:20:4:20:Infinity":7,"s:23:22:25:Infinity":8,"f:23:22:23:Infinity":3,"s:24:4:24:Infinity":9,"s:27:2:45:Infinity":10,"b:32:33:32:41:32:41:32:Infinity":2,"f:37:25:37:Infinity":4,"s:38:12:38:Infinity":11}}}
}
